[INFO] Scanning for projects...
[INFO] Reactor build order: 
[INFO]   Hibernate OGM Aggregator
[INFO]   Hibernate Object Grid Mapper
[INFO] ------------------------------------------------------------------------
[INFO] Building Hibernate OGM Aggregator
[INFO]    task-segment: [clean, package]
[INFO] ------------------------------------------------------------------------
[INFO] [clean:clean {execution: default-clean}]
[INFO] Deleting file set: /home/rikki/Documents/ogm/target (included: [**], excluded: [])
[INFO] [enforcer:enforce {execution: enforce-java}]
[INFO] [site:attach-descriptor {execution: default-attach-descriptor}]
[INFO] [jar:test-jar {execution: build-test-jar}]
[WARNING] JAR will be empty - no content was marked for inclusion!
[INFO] Building jar: /home/rikki/Documents/ogm/target/hibernate-ogm-parent-3.0.0-SNAPSHOT-tests.jar
[INFO] ------------------------------------------------------------------------
[INFO] Building Hibernate Object Grid Mapper
[INFO]    task-segment: [clean, package]
[INFO] ------------------------------------------------------------------------
[INFO] [clean:clean {execution: default-clean}]
[INFO] Deleting file set: /home/rikki/Documents/ogm/hibernate-ogm-core/target (included: [**], excluded: [])
[INFO] [enforcer:enforce {execution: enforce-java}]
[INFO] [processor:process {execution: process}]
[INFO] Source directory: /home/rikki/Documents/ogm/hibernate-ogm-core/target/generated-sources/apt added
[INFO] javac option: -cp
[INFO] javac option: /home/rikki/.m2/repository/org/hibernate/common/hibernate-commons-annotations/4.0.0.CR2/hibernate-commons-annotations-4.0.0.CR2.jar:/home/rikki/.m2/repository/com/thoughtworks/paranamer/paranamer/2.3/paranamer-2.3.jar:/home/rikki/Documents/ogm/hibernate-ogm-core/target/classes:/home/rikki/.m2/repository/org/hibernate/hibernate-search-infinispan/4.0.0.CR1/hibernate-search-infinispan-4.0.0.CR1.jar:/home/rikki/.m2/repository/org/hibernate/javax/persistence/hibernate-jpa-2.0-api/1.0.1.Final/hibernate-jpa-2.0-api-1.0.1.Final.jar:/home/rikki/.m2/repository/org/codehaus/jackson/jackson-mapper-asl/1.7.3/jackson-mapper-asl-1.7.3.jar:/home/rikki/.m2/repository/org/hibernate/hibernate-search-engine/4.0.0.CR1/hibernate-search-engine-4.0.0.CR1.jar:/home/rikki/.m2/repository/org/codehaus/jackson/jackson-core-asl/1.7.3/jackson-core-asl-1.7.3.jar:/home/rikki/.m2/repository/commons-collections/commons-collections/3.2.1/commons-collections-3.2.1.jar:/home/rikki/.m2/repository/org/jgroups/jgroups/3.0.0.CR5/jgroups-3.0.0.CR5.jar:/home/rikki/.m2/repository/org/jfrog/maven/annomojo/maven-plugin-tools-anno/1.4.0/maven-plugin-tools-anno-1.4.0.jar:/home/rikki/.m2/repository/jtidy/jtidy/4aug2000r7-dev/jtidy-4aug2000r7-dev.jar:/home/rikki/.m2/repository/org/infinispan/infinispan-lucene-directory/5.1.0.BETA3/infinispan-lucene-directory-5.1.0.BETA3.jar:/home/rikki/.m2/repository/org/jboss/marshalling/jboss-marshalling-river/1.3.0.GA/jboss-marshalling-river-1.3.0.GA.jar:/home/rikki/.m2/repository/org/infinispan/infinispan-core/5.1.0.BETA3/infinispan-core-5.1.0.BETA3.jar:/home/rikki/.m2/repository/org/hibernate/hibernate-entitymanager/4.0.0-SNAPSHOT/hibernate-entitymanager-4.0.0-SNAPSHOT.jar:/home/rikki/Documents/ogm/hibernate-ogm-core/src/main/resources:/home/rikki/.m2/repository/org/jboss/logging/jboss-logging/3.1.0.Beta3/jboss-logging-3.1.0.Beta3.jar:/home/rikki/.m2/repository/org/jboss/marshalling/jboss-marshalling/1.3.0.GA/jboss-marshalling-1.3.0.GA.jar:/home/rikki/.m2/repository/org/codehaus/plexus/plexus-utils/1.5.15/plexus-utils-1.5.15.jar:/home/rikki/.m2/repository/xml-apis/xml-apis/1.0.b2/xml-apis-1.0.b2.jar:/home/rikki/.m2/repository/org/apache/maven/plugin-tools/maven-plugin-tools-api/2.6/maven-plugin-tools-api-2.6.jar:/home/rikki/.m2/repository/com/fasterxml/classmate/0.5.4/classmate-0.5.4.jar:/home/rikki/.m2/repository/antlr/antlr/2.7.7/antlr-2.7.7.jar:/home/rikki/.m2/repository/org/jboss/jandex/1.0.3.Final/jandex-1.0.3.Final.jar:/home/rikki/.m2/repository/org/jboss/logging/jboss-logging-processor/1.0.0.CR3/jboss-logging-processor-1.0.0.CR3.jar:/home/rikki/.m2/repository/org/xerial/snappy/snappy-java/1.0.1-rc3/snappy-java-1.0.1-rc3.jar:/home/rikki/.m2/repository/org/apache/avro/avro/1.5.1/avro-1.5.1.jar:/home/rikki/.m2/repository/org/apache/lucene/lucene-core/3.4.0/lucene-core-3.4.0.jar:/home/rikki/.m2/repository/org/jboss/logging/jboss-logging-generator/1.0.0.CR3/jboss-logging-generator-1.0.0.CR3.jar:/home/rikki/.m2/repository/org/hibernate/hibernate-core/4.0.0-SNAPSHOT/hibernate-core-4.0.0-SNAPSHOT.jar:/home/rikki/.m2/repository/org/rhq/helpers/rhq-pluginAnnotations/3.0.1/rhq-pluginAnnotations-3.0.1.jar:/home/rikki/.m2/repository/org/jfrog/maven/annomojo/maven-plugin-anno/1.4.0/maven-plugin-anno-1.4.0.jar:/home/rikki/.m2/repository/org/jboss/javaee/jboss-transaction-api/1.0.1.GA/jboss-transaction-api-1.0.1.GA.jar:/home/rikki/.m2/repository/org/hibernate/hibernate-search-orm/4.0.0.CR1/hibernate-search-orm-4.0.0.CR1.jar:/usr/share/maven2/lib/maven-debian-uber.jar:/home/rikki/.m2/repository/org/jboss/spec/javax/transaction/jboss-transaction-api_1.1_spec/1.0.0.Final/jboss-transaction-api_1.1_spec-1.0.0.Final.jar:/home/rikki/.m2/repository/dom4j/dom4j/1.6.1/dom4j-1.6.1.jar:
[INFO] javac option: -proc:only
[INFO] javac option: -processor
[INFO] javac option: org.jboss.logging.generator.apt.LoggingToolsProcessor
[INFO] javac option: -d
[INFO] javac option: /home/rikki/Documents/ogm/hibernate-ogm-core/target/classes
[INFO] javac option: -s
[INFO] javac option: /home/rikki/Documents/ogm/hibernate-ogm-core/target/generated-sources/apt
[INFO] [resources:resources {execution: default-resources}]
[INFO] Using 'UTF-8' encoding to copy filtered resources.
[INFO] Copying 3 resources
[INFO] [compiler:compile {execution: default-compile}]
[INFO] Compiling 119 source files to /home/rikki/Documents/ogm/hibernate-ogm-core/target/classes
[INFO] [injection:bytecode {execution: default}]
[INFO] writing injection changes back [/home/rikki/Documents/ogm/hibernate-ogm-core/target/classes/org/hibernate/ogm/cfg/impl/Version.class]
[INFO] [processor:process-test {execution: process-test}]
[INFO] Source directory: /home/rikki/Documents/ogm/hibernate-ogm-core/target/generated-sources/apt-test added
[INFO] javac option: -cp
[INFO] javac option: /home/rikki/.m2/repository/org/hibernate/common/hibernate-commons-annotations/4.0.0.CR2/hibernate-commons-annotations-4.0.0.CR2.jar:/home/rikki/.m2/repository/com/thoughtworks/paranamer/paranamer/2.3/paranamer-2.3.jar:/home/rikki/.m2/repository/org/jboss/shrinkwrap/shrinkwrap-impl-base/1.0.0-beta-2/shrinkwrap-impl-base-1.0.0-beta-2.jar:/home/rikki/Documents/ogm/hibernate-ogm-core/target/classes:/home/rikki/.m2/repository/org/hibernate/javax/persistence/hibernate-jpa-2.0-api/1.0.1.Final/hibernate-jpa-2.0-api-1.0.1.Final.jar:/home/rikki/.m2/repository/junit/junit/4.8.2/junit-4.8.2.jar:/home/rikki/.m2/repository/org/hibernate/hibernate-search-engine/4.0.0.CR1/hibernate-search-engine-4.0.0.CR1.jar:/home/rikki/.m2/repository/org/codehaus/jackson/jackson-core-asl/1.7.3/jackson-core-asl-1.7.3.jar:/home/rikki/.m2/repository/org/jboss/jboss-transaction-spi/7.0.0.CR1/jboss-transaction-spi-7.0.0.CR1.jar:/home/rikki/.m2/repository/commons-collections/commons-collections/3.2.1/commons-collections-3.2.1.jar:/home/rikki/.m2/repository/org/jgroups/jgroups/3.0.0.CR5/jgroups-3.0.0.CR5.jar:/home/rikki/.m2/repository/jtidy/jtidy/4aug2000r7-dev/jtidy-4aug2000r7-dev.jar:/home/rikki/.m2/repository/org/hibernate/hibernate-testing/4.0.0-SNAPSHOT/hibernate-testing-4.0.0-SNAPSHOT.jar:/home/rikki/.m2/repository/org/infinispan/infinispan-lucene-directory/5.1.0.BETA3/infinispan-lucene-directory-5.1.0.BETA3.jar:/home/rikki/.m2/repository/org/infinispan/infinispan-core/5.1.0.BETA3/infinispan-core-5.1.0.BETA3.jar:/home/rikki/.m2/repository/org/jboss/logging/jboss-logging/3.1.0.Beta3/jboss-logging-3.1.0.Beta3.jar:/home/rikki/.m2/repository/org/jboss/marshalling/jboss-marshalling/1.3.0.GA/jboss-marshalling-1.3.0.GA.jar:/home/rikki/.m2/repository/xml-apis/xml-apis/1.0.b2/xml-apis-1.0.b2.jar:/home/rikki/.m2/repository/org/jboss/jandex/1.0.3.Final/jandex-1.0.3.Final.jar:/home/rikki/.m2/repository/antlr/antlr/2.7.7/antlr-2.7.7.jar:/home/rikki/.m2/repository/org/jboss/logging/jboss-logging-processor/1.0.0.CR3/jboss-logging-processor-1.0.0.CR3.jar:/home/rikki/Documents/ogm/hibernate-ogm-core/target/test-classes:/home/rikki/.m2/repository/log4j/log4j/1.2.16/log4j-1.2.16.jar:/home/rikki/.m2/repository/org/apache/lucene/lucene-core/3.4.0/lucene-core-3.4.0.jar:/home/rikki/.m2/repository/org/apache/avro/avro/1.5.1/avro-1.5.1.jar:/home/rikki/.m2/repository/org/jboss/logging/jboss-logging-generator/1.0.0.CR3/jboss-logging-generator-1.0.0.CR3.jar:/home/rikki/.m2/repository/org/jboss/shrinkwrap/shrinkwrap-api/1.0.0-beta-2/shrinkwrap-api-1.0.0-beta-2.jar:/home/rikki/.m2/repository/org/rhq/helpers/rhq-pluginAnnotations/3.0.1/rhq-pluginAnnotations-3.0.1.jar:/home/rikki/.m2/repository/com/experlog/xapool/1.5.0/xapool-1.5.0.jar:/home/rikki/.m2/repository/org/jfrog/maven/annomojo/maven-plugin-anno/1.4.0/maven-plugin-anno-1.4.0.jar:/home/rikki/.m2/repository/org/jboss/jbossts/jbossjta/4.15.3.Final/jbossjta-4.15.3.Final.jar:/home/rikki/.m2/repository/org/jboss/spec/javax/transaction/jboss-transaction-api_1.1_spec/1.0.0.Final/jboss-transaction-api_1.1_spec-1.0.0.Final.jar:/home/rikki/.m2/repository/javassist/javassist/3.12.1.GA/javassist-3.12.1.GA.jar:/home/rikki/.m2/repository/org/hibernate/hibernate-search-infinispan/4.0.0.CR1/hibernate-search-infinispan-4.0.0.CR1.jar:/home/rikki/.m2/repository/org/codehaus/jackson/jackson-mapper-asl/1.7.3/jackson-mapper-asl-1.7.3.jar:/home/rikki/.m2/repository/org/jfrog/maven/annomojo/maven-plugin-tools-anno/1.4.0/maven-plugin-tools-anno-1.4.0.jar:/home/rikki/.m2/repository/org/hibernate/hibernate-entitymanager/4.0.0-SNAPSHOT/hibernate-entitymanager-4.0.0-SNAPSHOT.jar:/home/rikki/.m2/repository/org/jboss/marshalling/jboss-marshalling-river/1.3.0.GA/jboss-marshalling-river-1.3.0.GA.jar:/home/rikki/Documents/ogm/hibernate-ogm-core/src/test/resources:/home/rikki/.m2/repository/org/jboss/ws/jbossws-api/1.0.0.Beta1/jbossws-api-1.0.0.Beta1.jar:/home/rikki/.m2/repository/org/codehaus/plexus/plexus-utils/1.5.15/plexus-utils-1.5.15.jar:/home/rikki/.m2/repository/org/apache/maven/plugin-tools/maven-plugin-tools-api/2.6/maven-plugin-tools-api-2.6.jar:/home/rikki/.m2/repository/com/fasterxml/classmate/0.5.4/classmate-0.5.4.jar:/home/rikki/.m2/repository/org/jboss/ironjacamar/ironjacamar-spec-api/1.0.0.CR2/ironjacamar-spec-api-1.0.0.CR2.jar:/home/rikki/.m2/repository/org/xerial/snappy/snappy-java/1.0.1-rc3/snappy-java-1.0.1-rc3.jar:/home/rikki/.m2/repository/org/hibernate/hibernate-core/4.0.0-SNAPSHOT/hibernate-core-4.0.0-SNAPSHOT.jar:/home/rikki/.m2/repository/org/easytesting/fest-util/1.1.6/fest-util-1.1.6.jar:/home/rikki/.m2/repository/org/hibernate/hibernate-search-orm/4.0.0.CR1/hibernate-search-orm-4.0.0.CR1.jar:/home/rikki/.m2/repository/org/jboss/javaee/jboss-transaction-api/1.0.1.GA/jboss-transaction-api-1.0.1.GA.jar:/home/rikki/.m2/repository/org/easytesting/fest-assert/1.4/fest-assert-1.4.jar:/usr/share/maven2/lib/maven-debian-uber.jar:/home/rikki/.m2/repository/org/jboss/shrinkwrap/shrinkwrap-spi/1.0.0-beta-2/shrinkwrap-spi-1.0.0-beta-2.jar:/home/rikki/.m2/repository/dom4j/dom4j/1.6.1/dom4j-1.6.1.jar:
[INFO] javac option: -proc:only
[INFO] javac option: -processor
[INFO] javac option: org.jboss.logging.generator.apt.LoggingToolsProcessor
[INFO] javac option: -d
[INFO] javac option: /home/rikki/Documents/ogm/hibernate-ogm-core/target/test-classes
[INFO] javac option: -s
[INFO] javac option: /home/rikki/Documents/ogm/hibernate-ogm-core/target/generated-sources/apt-test
[INFO] [resources:testResources {execution: default-testResources}]
[INFO] Using 'UTF-8' encoding to copy filtered resources.
[INFO] Copying 6 resources
[INFO] [compiler:testCompile {execution: default-testCompile}]
[INFO] Compiling 68 source files to /home/rikki/Documents/ogm/hibernate-ogm-core/target/test-classes
[WARNING] DEPRECATED [skipExec]: Use skipTests instead.
[INFO] [surefire:test {execution: default-test}]
[INFO] Surefire report directory: /home/rikki/Documents/ogm/hibernate-ogm-core/target/surefire-reports

-------------------------------------------------------
 T E S T S
-------------------------------------------------------
Running org.hibernate.ogm.test.id.TableIdGeneratorTest
Tests run: 1, Failures: 0, Errors: 0, Skipped: 0, Time elapsed: 6.104 sec
Running org.hibernate.ogm.test.id.AutoIdGeneratorTest
Tests run: 1, Failures: 0, Errors: 0, Skipped: 0, Time elapsed: 3.231 sec
Running org.hibernate.ogm.test.id.SequenceIdGeneratorTest
Tests run: 1, Failures: 0, Errors: 0, Skipped: 0, Time elapsed: 3.213 sec
Running org.hibernate.ogm.test.id.IdentityIdGeneratorTest
Tests run: 1, Failures: 0, Errors: 0, Skipped: 0, Time elapsed: 4.208 sec
Running org.hibernate.ogm.test.associations.manytoone.ManyToOneTest
Tests run: 3, Failures: 0, Errors: 0, Skipped: 0, Time elapsed: 0.366 sec
Running org.hibernate.ogm.test.associations.onetoone.OneToOneTest
Tests run: 3, Failures: 0, Errors: 0, Skipped: 0, Time elapsed: 0.291 sec
Running org.hibernate.ogm.test.associations.collection.unidirectional.CollectionUnidirectionalTest
Tests run: 1, Failures: 0, Errors: 0, Skipped: 0, Time elapsed: 0.077 sec
Running org.hibernate.ogm.test.associations.collection.types.ListTest
Tests run: 1, Failures: 0, Errors: 0, Skipped: 0, Time elapsed: 0.084 sec
Running org.hibernate.ogm.test.associations.collection.types.MapTest
Tests run: 1, Failures: 0, Errors: 0, Skipped: 0, Time elapsed: 0.084 sec
Running org.hibernate.ogm.test.associations.collection.manytomany.ManyToManyTest
Tests run: 1, Failures: 0, Errors: 0, Skipped: 0, Time elapsed: 0.086 sec
Running org.hibernate.ogm.test.jpa.JPAStandaloneTest
Tests run: 1, Failures: 0, Errors: 0, Skipped: 0, Time elapsed: 3.338 sec
Running org.hibernate.ogm.test.jpa.JPAAndJTAViaContainerAPITest
Tests run: 1, Failures: 0, Errors: 0, Skipped: 0, Time elapsed: 3.163 sec
Running org.hibernate.ogm.test.jpa.JPAResourceLocalStandaloneTest
Tests run: 1, Failures: 0, Errors: 0, Skipped: 0, Time elapsed: 3.233 sec
Running org.hibernate.ogm.test.jpa.JPAAPIWrappingTest
Tests run: 2, Failures: 0, Errors: 0, Skipped: 0, Time elapsed: 7.859 sec
Running org.hibernate.ogm.test.hibernatecore.HibernateCoreAPIWrappingTest
Tests run: 2, Failures: 0, Errors: 0, Skipped: 0, Time elapsed: 7.314 sec
Running org.hibernate.ogm.test.hibernatecore.JNDIReferenceTest
Tests run: 1, Failures: 0, Errors: 0, Skipped: 0, Time elapsed: 0.039 sec
Running org.hibernate.ogm.test.simpleentity.InheritanceTest
Tests run: 1, Failures: 0, Errors: 0, Skipped: 0, Time elapsed: 0.046 sec
Running org.hibernate.ogm.test.simpleentity.CRUDTest
Tests run: 2, Failures: 0, Errors: 0, Skipped: 0, Time elapsed: 0.084 sec
Running org.hibernate.ogm.test.hsearch.HibernateSearchAtopOgmTest
Tests run: 2, Failures: 0, Errors: 0, Skipped: 0, Time elapsed: 6.966 sec
Running org.hibernate.ogm.test.embeddable.EmbeddableTest
Tests run: 1, Failures: 0, Errors: 0, Skipped: 0, Time elapsed: 0.052 sec
Running org.hibernate.ogm.test.type.BuiltInTypeTest
Tests run: 2, Failures: 0, Errors: 0, Skipped: 0, Time elapsed: 0.101 sec

Results :

Tests run: 30, Failures: 0, Errors: 0, Skipped: 0

[INFO] [jar:jar {execution: default-jar}]
[INFO] Building jar: /home/rikki/Documents/ogm/hibernate-ogm-core/target/hibernate-ogm-core-3.0.0-SNAPSHOT.jar
[INFO] [jar:test-jar {execution: build-test-jar}]
[INFO] Building jar: /home/rikki/Documents/ogm/hibernate-ogm-core/target/hibernate-ogm-core-3.0.0-SNAPSHOT-tests.jar
[INFO] 
[INFO] 
[INFO] ------------------------------------------------------------------------
[INFO] Reactor Summary:
[INFO] ------------------------------------------------------------------------
[INFO] Hibernate OGM Aggregator .............................. SUCCESS [3.473s]
[INFO] Hibernate Object Grid Mapper .......................... SUCCESS [1:03.403s]
[INFO] ------------------------------------------------------------------------
[INFO] ------------------------------------------------------------------------
[INFO] BUILD SUCCESSFUL
[INFO] ------------------------------------------------------------------------
[INFO] Total time: 1 minute 7 seconds
[INFO] Finished at: Thu Nov 10 21:38:09 NZDT 2011
[INFO] Final Memory: 61M/292M
[INFO] ------------------------------------------------------------------------
[INFO] Scanning for projects...
[INFO] Reactor build order: 
[INFO]   Hibernate OGM Aggregator
[INFO]   Hibernate Object Grid Mapper
[INFO] ------------------------------------------------------------------------
[INFO] Building Hibernate OGM Aggregator
[INFO]    task-segment: [package]
[INFO] ------------------------------------------------------------------------
[INFO] [enforcer:enforce {execution: enforce-java}]
[INFO] [site:attach-descriptor {execution: default-attach-descriptor}]
[INFO] [jar:test-jar {execution: build-test-jar}]
[WARNING] JAR will be empty - no content was marked for inclusion!
[INFO] Building jar: /home/rikki/Documents/ogm/target/hibernate-ogm-parent-3.0.0-SNAPSHOT-tests.jar
[INFO] ------------------------------------------------------------------------
[INFO] Building Hibernate Object Grid Mapper
[INFO]    task-segment: [package]
[INFO] ------------------------------------------------------------------------
[INFO] [enforcer:enforce {execution: enforce-java}]
[INFO] [processor:process {execution: process}]
[INFO] Source directory: /home/rikki/Documents/ogm/hibernate-ogm-core/target/generated-sources/apt added
[INFO] javac option: -cp
[INFO] javac option: /home/rikki/.m2/repository/org/hibernate/common/hibernate-commons-annotations/4.0.0.CR2/hibernate-commons-annotations-4.0.0.CR2.jar:/home/rikki/.m2/repository/com/thoughtworks/paranamer/paranamer/2.3/paranamer-2.3.jar:/home/rikki/Documents/ogm/hibernate-ogm-core/target/classes:/home/rikki/.m2/repository/org/hibernate/hibernate-search-infinispan/4.0.0.CR1/hibernate-search-infinispan-4.0.0.CR1.jar:/home/rikki/.m2/repository/org/hibernate/javax/persistence/hibernate-jpa-2.0-api/1.0.1.Final/hibernate-jpa-2.0-api-1.0.1.Final.jar:/home/rikki/.m2/repository/org/codehaus/jackson/jackson-mapper-asl/1.7.3/jackson-mapper-asl-1.7.3.jar:/home/rikki/.m2/repository/org/hibernate/hibernate-search-engine/4.0.0.CR1/hibernate-search-engine-4.0.0.CR1.jar:/home/rikki/.m2/repository/org/codehaus/jackson/jackson-core-asl/1.7.3/jackson-core-asl-1.7.3.jar:/home/rikki/.m2/repository/commons-collections/commons-collections/3.2.1/commons-collections-3.2.1.jar:/home/rikki/.m2/repository/org/jgroups/jgroups/3.0.0.CR5/jgroups-3.0.0.CR5.jar:/home/rikki/.m2/repository/org/jfrog/maven/annomojo/maven-plugin-tools-anno/1.4.0/maven-plugin-tools-anno-1.4.0.jar:/home/rikki/.m2/repository/jtidy/jtidy/4aug2000r7-dev/jtidy-4aug2000r7-dev.jar:/home/rikki/.m2/repository/org/infinispan/infinispan-lucene-directory/5.1.0.BETA3/infinispan-lucene-directory-5.1.0.BETA3.jar:/home/rikki/.m2/repository/org/jboss/marshalling/jboss-marshalling-river/1.3.0.GA/jboss-marshalling-river-1.3.0.GA.jar:/home/rikki/.m2/repository/org/infinispan/infinispan-core/5.1.0.BETA3/infinispan-core-5.1.0.BETA3.jar:/home/rikki/.m2/repository/org/hibernate/hibernate-entitymanager/4.0.0-SNAPSHOT/hibernate-entitymanager-4.0.0-SNAPSHOT.jar:/home/rikki/Documents/ogm/hibernate-ogm-core/src/main/resources:/home/rikki/.m2/repository/org/jboss/logging/jboss-logging/3.1.0.Beta3/jboss-logging-3.1.0.Beta3.jar:/home/rikki/.m2/repository/org/jboss/marshalling/jboss-marshalling/1.3.0.GA/jboss-marshalling-1.3.0.GA.jar:/home/rikki/.m2/repository/org/codehaus/plexus/plexus-utils/1.5.15/plexus-utils-1.5.15.jar:/home/rikki/.m2/repository/xml-apis/xml-apis/1.0.b2/xml-apis-1.0.b2.jar:/home/rikki/.m2/repository/org/apache/maven/plugin-tools/maven-plugin-tools-api/2.6/maven-plugin-tools-api-2.6.jar:/home/rikki/.m2/repository/com/fasterxml/classmate/0.5.4/classmate-0.5.4.jar:/home/rikki/.m2/repository/antlr/antlr/2.7.7/antlr-2.7.7.jar:/home/rikki/.m2/repository/org/jboss/jandex/1.0.3.Final/jandex-1.0.3.Final.jar:/home/rikki/.m2/repository/org/jboss/logging/jboss-logging-processor/1.0.0.CR3/jboss-logging-processor-1.0.0.CR3.jar:/home/rikki/.m2/repository/org/xerial/snappy/snappy-java/1.0.1-rc3/snappy-java-1.0.1-rc3.jar:/home/rikki/.m2/repository/org/apache/avro/avro/1.5.1/avro-1.5.1.jar:/home/rikki/.m2/repository/org/apache/lucene/lucene-core/3.4.0/lucene-core-3.4.0.jar:/home/rikki/.m2/repository/org/jboss/logging/jboss-logging-generator/1.0.0.CR3/jboss-logging-generator-1.0.0.CR3.jar:/home/rikki/.m2/repository/org/hibernate/hibernate-core/4.0.0-SNAPSHOT/hibernate-core-4.0.0-SNAPSHOT.jar:/home/rikki/.m2/repository/org/rhq/helpers/rhq-pluginAnnotations/3.0.1/rhq-pluginAnnotations-3.0.1.jar:/home/rikki/.m2/repository/org/jfrog/maven/annomojo/maven-plugin-anno/1.4.0/maven-plugin-anno-1.4.0.jar:/home/rikki/.m2/repository/org/jboss/javaee/jboss-transaction-api/1.0.1.GA/jboss-transaction-api-1.0.1.GA.jar:/home/rikki/.m2/repository/org/hibernate/hibernate-search-orm/4.0.0.CR1/hibernate-search-orm-4.0.0.CR1.jar:/usr/share/maven2/lib/maven-debian-uber.jar:/home/rikki/.m2/repository/org/jboss/spec/javax/transaction/jboss-transaction-api_1.1_spec/1.0.0.Final/jboss-transaction-api_1.1_spec-1.0.0.Final.jar:/home/rikki/.m2/repository/dom4j/dom4j/1.6.1/dom4j-1.6.1.jar:
[INFO] javac option: -proc:only
[INFO] javac option: -processor
[INFO] javac option: org.jboss.logging.generator.apt.LoggingToolsProcessor
[INFO] javac option: -d
[INFO] javac option: /home/rikki/Documents/ogm/hibernate-ogm-core/target/classes
[INFO] javac option: -s
[INFO] javac option: /home/rikki/Documents/ogm/hibernate-ogm-core/target/generated-sources/apt
[INFO] diagnostic warning: Supported source version 'RELEASE_6' from annotation processor 'org.jboss.logging.generator.apt.LoggingToolsProcessor' less than -source '1.7'
[INFO] [resources:resources {execution: default-resources}]
[INFO] Using 'UTF-8' encoding to copy filtered resources.
[INFO] Copying 3 resources
[INFO] [compiler:compile {execution: default-compile}]
[INFO] Compiling 119 source files to /home/rikki/Documents/ogm/hibernate-ogm-core/target/classes
[INFO] -------------------------------------------------------------
[ERROR] COMPILATION ERROR : 
[INFO] -------------------------------------------------------------
[ERROR] bootstrap class path not set in conjunction with -source 1.6
/home/rikki/Documents/ogm/hibernate-ogm-core/src/main/java/org/hibernate/ogm/jdbc/TupleAsMapResultSet.java:[63,7] error: TupleAsMapResultSet is not abstract and does not override abstract method <T>getObject(String,Class<T>) in ResultSet
[ERROR] 
    T extends Object declared in method <T>getObject(String,Class<T>)
/home/rikki/Documents/ogm/hibernate-ogm-core/src/main/java/org/hibernate/ogm/jdbc/NoopDatabaseMetaData.java:[32,7] error: NoopDatabaseMetaData is not abstract and does not override abstract method generatedKeyAlwaysReturned() in DatabaseMetaData
[ERROR] /home/rikki/Documents/ogm/hibernate-ogm-core/src/main/java/org/hibernate/ogm/jdbc/NoopConnection.java:[44,7] error: NoopConnection is not abstract and does not override abstract method getNetworkTimeout() in Connection
[INFO] 3 errors 
[INFO] -------------------------------------------------------------
[INFO] ------------------------------------------------------------------------
[ERROR] BUILD FAILURE
[INFO] ------------------------------------------------------------------------
[INFO] Compilation failure

bootstrap class path not set in conjunction with -source 1.6
/home/rikki/Documents/ogm/hibernate-ogm-core/src/main/java/org/hibernate/ogm/jdbc/TupleAsMapResultSet.java:[63,7] error: TupleAsMapResultSet is not abstract and does not override abstract method <T>getObject(String,Class<T>) in ResultSet

    T extends Object declared in method <T>getObject(String,Class<T>)
/home/rikki/Documents/ogm/hibernate-ogm-core/src/main/java/org/hibernate/ogm/jdbc/NoopDatabaseMetaData.java:[32,7] error: NoopDatabaseMetaData is not abstract and does not override abstract method generatedKeyAlwaysReturned() in DatabaseMetaData
/home/rikki/Documents/ogm/hibernate-ogm-core/src/main/java/org/hibernate/ogm/jdbc/NoopConnection.java:[44,7] error: NoopConnection is not abstract and does not override abstract method getNetworkTimeout() in Connection

[INFO] ------------------------------------------------------------------------
[INFO] For more information, run Maven with the -e switch
[INFO] ------------------------------------------------------------------------
[INFO] Total time: 12 seconds
[INFO] Finished at: Thu Nov 10 21:39:55 NZDT 2011
[INFO] Final Memory: 59M/274M
[INFO] ------------------------------------------------------------------------
